#
# There is insufficient memory for the Java Runtime Environment to continue.
# Native memory allocation (mmap) failed to map 132120576 bytes for Failed to commit area from 0x0000000082200000 to 0x000000008a000000 of length 132120576.
# Possible reasons:
#   The system is out of physical RAM or swap space
#   The process is running with CompressedOops enabled, and the Java Heap may be blocking the growth of the native heap
# Possible solutions:
#   Reduce memory load on the system
#   Increase physical memory or swap space
#   Check if swap backing store is full
#   Decrease Java heap size (-Xmx/-Xms)
#   Decrease number of Java threads
#   Decrease Java thread stack sizes (-Xss)
#   Set larger code cache with -XX:ReservedCodeCacheSize=
# This output file may be truncated or incomplete.
#
#  Out of Memory Error (c:/BuildAgent/work/5ff2f6c26000d570/src/hotspot/os/windows/os_windows.cpp:3291), pid=23836, tid=30988
#
# JRE version:  (11.0.5+10) (build )
# Java VM: OpenJDK 64-Bit Server VM (11.0.5+10-b520.30, mixed mode, aot, sharing, tiered, compressed oops, g1 gc, windows-amd64)
# No core dump will be written. Minidumps are not enabled by default on client versions of Windows
#

---------------  S U M M A R Y ------------

Command Line: org.jetbrains.git4idea.http.GitAskPassApp Username for 'https://gitlab.com': 

Host: Intel(R) Core(TM) i7-3540M CPU @ 3.00GHz, 4 cores, 7G,  Windows 10 , 64 bit Build 17763 (10.0.17763.475)
Time: Wed Apr 15 16:22:39 2020 Pakistan Standard Time elapsed time: 0 seconds (0d 0h 0m 0s)

---------------  T H R E A D  ---------------

Current thread (0x000001b1b365b800):  JavaThread "Unknown thread" [_thread_in_vm, id=30988, stack(0x0000002642b00000,0x0000002642c00000)]

Stack: [0x0000002642b00000,0x0000002642c00000]
Native frames: (J=compiled Java code, j=interpreted, Vv=VM code, C=native code)
V  [jvm.dll+0x5dcafa]
V  [jvm.dll+0x70e375]
V  [jvm.dll+0x70f898]
V  [jvm.dll+0x70ff63]
V  [jvm.dll+0x23e238]
V  [jvm.dll+0x5da1c4]
V  [jvm.dll+0x5cf265]
V  [jvm.dll+0x2fac3b]
V  [jvm.dll+0x2fabaa]
V  [jvm.dll+0x2faa82]
V  [jvm.dll+0x2ff956]
V  [jvm.dll+0x3480d3]
V  [jvm.dll+0x3487d6]
V  [jvm.dll+0x3481d3]
V  [jvm.dll+0x2d5548]
V  [jvm.dll+0x2d66e7]
V  [jvm.dll+0x6ed237]
V  [jvm.dll+0x6eea2c]
V  [jvm.dll+0x355849]
V  [jvm.dll+0x6d239e]
V  [jvm.dll+0x3be283]
V  [jvm.dll+0x3c0701]
C  [jli.dll+0x5363]
C  [ucrtbase.dll+0x21ffa]
C  [KERNEL32.DLL+0x17974]
C  [ntdll.dll+0x6a261]


---------------  P R O C E S S  ---------------

Threads class SMR info:
_java_thread_list=0x000001b1b1467520, length=0, elements={
}

Java Threads: ( => current thread )

Other Threads:
  0x000001b1b3675800 GCTaskThread "GC Thread#0" [stack: 0x0000002642c00000,0x0000002642d00000] [id=5928]
  0x000001b1b36a6800 ConcurrentGCThread "G1 Main Marker" [stack: 0x0000002642d00000,0x0000002642e00000] [id=21524]
  0x000001b1b36a8000 ConcurrentGCThread "G1 Conc#0" [stack: 0x0000002642e00000,0x0000002642f00000] [id=24548]

[error occurred during error reporting (printing all threads), id 0xc0000005, EXCEPTION_ACCESS_VIOLATION (0xc0000005) at pc=0x00007ffe7d005c17]

VM state:not at safepoint (not fully initialized)

VM Mutex/Monitor currently owned by a thread:  ([mutex/lock_event])
[0x000001b1b3658b20] Heap_lock - owner thread: 0x000001b1b365b800

Heap address: 0x0000000082200000, size: 2014 MB, Compressed Oops mode: Non-zero based: 0x0000000082200000
Narrow klass base: 0x0000000000000000, Narrow klass shift: 0

GC Heap History (0 events):
No events

Deoptimization events (0 events):
No events

Classes redefined (0 events):
No events

Internal exceptions (0 events):
No events

Events (0 events):
No events


Dynamic libraries:
0x00007ff763eb0000 - 0x00007ff763eba000 	C:\Program Files\JetBrains\WebStorm 2019.3.2\jbr\bin\java.exe
0x00007ffee6dd0000 - 0x00007ffee6fbd000 	C:\Windows\SYSTEM32\ntdll.dll
0x00007ffee6610000 - 0x00007ffee66c3000 	C:\Windows\System32\KERNEL32.DLL
0x00007ffee3a50000 - 0x00007ffee3ce3000 	C:\Windows\System32\KERNELBASE.dll
0x00007ffee3ea0000 - 0x00007ffee3f9a000 	C:\Windows\System32\ucrtbase.dll
0x00007ffed62c0000 - 0x00007ffed62d7000 	C:\Program Files\JetBrains\WebStorm 2019.3.2\jbr\bin\VCRUNTIME140.dll
0x00007ffed6690000 - 0x00007ffed66a9000 	C:\Program Files\JetBrains\WebStorm 2019.3.2\jbr\bin\jli.dll
0x00007ffee57b0000 - 0x00007ffee5947000 	C:\Windows\System32\USER32.dll
0x00007ffedbc10000 - 0x00007ffedbe89000 	C:\Windows\WinSxS\amd64_microsoft.windows.common-controls_6595b64144ccf1df_6.0.17763.1098_none_de762ed45346ee8a\COMCTL32.dll
0x00007ffee3290000 - 0x00007ffee32b0000 	C:\Windows\System32\win32u.dll
0x00007ffee6ae0000 - 0x00007ffee6b7e000 	C:\Windows\System32\msvcrt.dll
0x00007ffee5ae0000 - 0x00007ffee5b09000 	C:\Windows\System32\GDI32.dll
0x00007ffee66d0000 - 0x00007ffee69fc000 	C:\Windows\System32\combase.dll
0x00007ffee2e90000 - 0x00007ffee3029000 	C:\Windows\System32\gdi32full.dll
0x00007ffee5b10000 - 0x00007ffee5c32000 	C:\Windows\System32\RPCRT4.dll
0x00007ffee3cf0000 - 0x00007ffee3d90000 	C:\Windows\System32\msvcp_win.dll
0x00007ffee3210000 - 0x00007ffee328e000 	C:\Windows\System32\bcryptPrimitives.dll
0x00007ffee5c40000 - 0x00007ffee5c6e000 	C:\Windows\System32\IMM32.DLL
0x00007ffeb77d0000 - 0x00007ffeb786d000 	C:\Program Files\JetBrains\WebStorm 2019.3.2\jbr\bin\msvcp140.dll
0x00007ffe7cd20000 - 0x00007ffe7d7db000 	C:\Program Files\JetBrains\WebStorm 2019.3.2\jbr\bin\server\jvm.dll
0x00007ffee5c80000 - 0x00007ffee5d23000 	C:\Windows\System32\ADVAPI32.dll
0x00007ffee62c0000 - 0x00007ffee635e000 	C:\Windows\System32\sechost.dll
0x00007ffee6ad0000 - 0x00007ffee6ad8000 	C:\Windows\System32\PSAPI.DLL
0x00007ffec0370000 - 0x00007ffec0379000 	C:\Windows\SYSTEM32\WSOCK32.dll
0x00007ffee09c0000 - 0x00007ffee09e4000 	C:\Windows\SYSTEM32\WINMM.dll
0x00007ffee65a0000 - 0x00007ffee660d000 	C:\Windows\System32\WS2_32.dll
0x00007ffee0990000 - 0x00007ffee09bd000 	C:\Windows\SYSTEM32\winmmbase.dll
0x00007ffed3d80000 - 0x00007ffed3d8a000 	C:\Windows\SYSTEM32\VERSION.dll
0x00007ffee3fa0000 - 0x00007ffee3fea000 	C:\Windows\System32\cfgmgr32.dll
0x00007ffee2e20000 - 0x00007ffee2e31000 	C:\Windows\System32\kernel.appcore.dll
0x00007ffeda7b0000 - 0x00007ffeda7c1000 	C:\Program Files\JetBrains\WebStorm 2019.3.2\jbr\bin\verify.dll
0x00007ffed4040000 - 0x00007ffed422d000 	C:\Windows\SYSTEM32\DBGHELP.DLL
0x00007ffed2be0000 - 0x00007ffed2c0a000 	C:\Windows\SYSTEM32\dbgcore.DLL
0x00007ffeda780000 - 0x00007ffeda7a9000 	C:\Program Files\JetBrains\WebStorm 2019.3.2\jbr\bin\java.dll
0x00007ffeda740000 - 0x00007ffeda757000 	C:\Program Files\JetBrains\WebStorm 2019.3.2\jbr\bin\zip.dll
0x00007ffeda730000 - 0x00007ffeda73b000 	C:\Program Files\JetBrains\WebStorm 2019.3.2\jbr\bin\jimage.dll

dbghelp: loaded successfully - version: 4.0.5 - missing functions: none
symbol engine: initialized successfully - sym options: 0x614 - pdb path: .;C:\Program Files\JetBrains\WebStorm 2019.3.2\jbr\bin;C:\Windows\SYSTEM32;C:\Windows\WinSxS\amd64_microsoft.windows.common-controls_6595b64144ccf1df_6.0.17763.1098_none_de762ed45346ee8a;C:\Program Files\JetBrains\WebStorm 2019.3.2\jbr\bin\server

VM Arguments:
java_command: org.jetbrains.git4idea.http.GitAskPassApp Username for 'https://gitlab.com': 
java_class_path (initial): C:/Program Files/JetBrains/WebStorm 2019.3.2/plugins/git4idea/lib/git4idea-rt.jar;C:/Program Files/JetBrains/WebStorm 2019.3.2/lib/xmlrpc-2.0.1.jar;C:/Program Files/JetBrains/WebStorm 2019.3.2/lib/commons-codec-1.13.jar;C:/Program Files/JetBrains/WebStorm 2019.3.2/lib/util.jar
Launcher Type: SUN_STANDARD

[Global flags]
     intx CICompilerCount                          = 3                                         {product} {ergonomic}
     uint ConcGCThreads                            = 1                                         {product} {ergonomic}
     uint G1ConcRefinementThreads                  = 4                                         {product} {ergonomic}
   size_t G1HeapRegionSize                         = 1048576                                   {product} {ergonomic}
    uintx GCDrainStackTargetSize                   = 64                                        {product} {ergonomic}
   size_t InitialHeapSize                          = 132120576                                 {product} {ergonomic}
   size_t MarkStackSize                            = 4194304                                   {product} {ergonomic}
   size_t MaxHeapSize                              = 2111832064                                {product} {ergonomic}
   size_t MinHeapDeltaBytes                        = 1048576                                   {product} {ergonomic}
    uintx NonNMethodCodeHeapSize                   = 5830732                                {pd product} {ergonomic}
    uintx NonProfiledCodeHeapSize                  = 122913754                              {pd product} {ergonomic}
    uintx ProfiledCodeHeapSize                     = 122913754                              {pd product} {ergonomic}
    uintx ReservedCodeCacheSize                    = 251658240                              {pd product} {ergonomic}
     bool SegmentedCodeCache                       = true                                      {product} {ergonomic}
     bool UseCompressedClassPointers               = true                                 {lp64_product} {ergonomic}
     bool UseCompressedOops                        = true                                 {lp64_product} {ergonomic}
     bool UseG1GC                                  = true                                      {product} {ergonomic}
     bool UseLargePagesIndividualAllocation        = false                                  {pd product} {ergonomic}

Logging:
Log output configuration:
 #0: stdout all=warning uptime,level,tags
 #1: stderr all=off uptime,level,tags

Environment Variables:
PATH=C:\Program Files\Git\mingw64\libexec\git-core;C:\Program Files\Git\mingw64\libexec\git-core;C:\Program Files\Git\mingw64\bin;C:\Program Files\Git\usr\bin;C:\Users\hp\bin;C:\Program Files (x86)\Common Files\Oracle\Java\javapath;C:\Windows\system32;C:\Windows;C:\Windows\System32\Wbem;C:\Windows\System32\WindowsPowerShell\v1.0;C:\Windows\System32\OpenSSH;C:\Users\hp\AppData\Roaming\nvm;C:\Program Files\nodejs;C:\Program Files\Git\cmd;C:\Program Files (x86)\Intel\OpenCL SDK\2.0\bin\x86;C:\Program Files (x86)\Intel\OpenCL SDK\2.0\bin\x64;C:\Program Files (x86)\Intel\OpenCL SDK\2.0\bin\x86;C:\Program Files (x86)\Intel\OpenCL SDK\2.0\bin\x64;C:\Program Files\Microsoft SQL Server\Client SDK\ODBC\130\Tools\Binn;C:\Program Files (x86)\Microsoft SQL Server\140\Tools\Binn;C:\Program Files\Microsoft SQL Server\140\Tools\Binn;C:\Program Files\Microsoft SQL Server\140\DTS\Binn;C:\Program Files (x86)\Microsoft SQL Server\150\DTS\Binn;C:\ProgramData\chocolatey\bin;C:\Users\hp\AppData\Local\Programs\Python\Python38-32\Scripts;C:\Users\hp\AppData\Local\Programs\Python\Python38-32;C:\Users\hp\AppData\Local\Microsoft\WindowsApps;C:\Users\hp\AppData\Local\Programs\Microsoft VS Code\bin;C:\Users\hp\AppData\Roaming\nvm;C:\Program Files\nodejs;C:\Program Files\JetBrains\WebStorm 2019.1.2\bin;C:\src\flutter\bin;C:\Users\hp\AppData\Local\Android\Sdk\platform-tools;C:\Users\hp\AppData\Local\.meteor
USERNAME=hp
DISPLAY=:0.0
OS=Windows_NT
PROCESSOR_IDENTIFIER=Intel64 Family 6 Model 58 Stepping 9, GenuineIntel



---------------  S Y S T E M  ---------------

OS: Windows 10 , 64 bit Build 17763 (10.0.17763.475)

CPU:total 4 (initial active 4) (2 cores per cpu, 2 threads per core) family 6 model 58 stepping 9, cmov, cx8, fxsr, mmx, sse, sse2, sse3, ssse3, sse4.1, sse4.2, popcnt, avx, aes, clmul, erms, ht, tsc, tscinvbit, tscinv

Memory: 4k page, system-wide physical 8055M (1001M free)
TotalPageFile size 20486M (AvailPageFile size 69M)
current process WorkingSet (physical memory assigned to process): 9M, peak: 9M
current process commit charge ("private bytes"): 51M, peak: 177M

vm_info: OpenJDK 64-Bit Server VM (11.0.5+10-b520.30) for windows-amd64 JRE (11.0.5+10-b520.30), built on Dec 24 2019 12:06:09 by "" with MS VC++ 14.0 (VS2015)

END.
